checking for Microsoft Visual Studio (x64) version ... 2022
checking for Microsoft C/C++ Compiler (x64) version ... 19.38.33133
[ 20%]: compiling.debug src\main.cpp
create ok!
compile_commands.json updated!
error: main.cpp
C:\Users\HP\Desktop\EventSystem\Event-System\src\Game/Game.hpp(22): warning C4002: too many arguments for function-like macro invocation 'Assert_1'
C:\Users\HP\Desktop\EventSystem\Event-System\src\Game/Game.hpp(27): warning C4002: too many arguments for function-like macro invocation 'Assert_1'
C:\Users\HP\Desktop\EventSystem\Event-System\src\Game/Game.hpp(67): warning C4002: too many arguments for function-like macro invocation 'Assert_1'
C:\Users\HP\Desktop\EventSystem\Event-System\src\Game/Game.hpp(69): warning C4002: too many arguments for function-like macro invocation 'Assert_1'
C:\Users\HP\AppData\Local\.xmake\packages\r\rttr\0.9.6\3a0b2dfdb03949b28773ccdbbd7dd04f\include\rttr/detail/registration/bind_impl.h(358): error C2760: syntax error: ')' was unexpected here; expected 'expression'
C:\Users\HP\AppData\Local\.xmake\packages\r\rttr\0.9.6\3a0b2dfdb03949b28773ccdbbd7dd04f\include\rttr/detail/registration/bind_impl.h(349): note: This diagnostic occurred in the compiler generated function 'std::unique_ptr<rttr::detail::property_wrapper_base,std::default_delete<rttr::detail::property_wrapper_base>> rttr::registration::bind<rttr::detail::prop,Class_Type,A,acc_level>::create_default_property(rttr::string_view,Acc)'
C:\Users\HP\AppData\Local\.xmake\packages\r\rttr\0.9.6\3a0b2dfdb03949b28773ccdbbd7dd04f\include\rttr/detail/registration/bind_impl.h(358): note: the template instantiation context (the oldest one first) is
C:\Users\HP\AppData\Local\.xmake\packages\r\rttr\0.9.6\3a0b2dfdb03949b28773ccdbbd7dd04f\include\rttr/detail/registration/bind_impl.h(428): note: see reference to class template instantiation 'rttr::registration::bind<rttr::detail::prop,Class_Type,A,acc_level>' being compiled
C:\Users\HP\AppData\Local\.xmake\packages\r\rttr\0.9.6\3a0b2dfdb03949b28773ccdbbd7dd04f\include\rttr/detail/registration/bind_impl.h(358): error C2760: syntax error: ')' was unexpected here; expected ';'
C:\Users\HP\AppData\Local\.xmake\packages\r\rttr\0.9.6\3a0b2dfdb03949b28773ccdbbd7dd04f\include\rttr/detail/registration/bind_impl.h(349): note: This diagnostic occurred in the compiler generated function 'std::unique_ptr<rttr::detail::property_wrapper_base,std::default_delete<rttr::detail::property_wrapper_base>> rttr::registration::bind<rttr::detail::prop,Class_Type,A,acc_level>::create_default_property(rttr::string_view,Acc)'
C:\Users\HP\AppData\Local\.xmake\packages\r\rttr\0.9.6\3a0b2dfdb03949b28773ccdbbd7dd04f\include\rttr/detail/registration/bind_impl.h(358): error C3878: syntax error: unexpected token ')' following 'jump_statement'
C:\Users\HP\AppData\Local\.xmake\packages\r\rttr\0.9.6\3a0b2dfdb03949b28773ccdbbd7dd04f\include\rttr/detail/registration/bind_impl.h(349): note: This diagnostic occurred in the compiler generated function 'std::unique_ptr<rttr::detail::property_wrapper_base,std::default_delete<rttr::detail::property_wrapper_base>> rttr::registration::bind<rttr::detail::prop,Class_Type,A,acc_level>::create_default_property(rttr::string_view,Acc)'
C:\Users\HP\AppData\Local\.xmake\packages\r\rttr\0.9.6\3a0b2dfdb03949b28773ccdbbd7dd04f\include\rttr/detail/registration/bind_impl.h(358): note: error recovery skipped: ') ,'
C:\Users\HP\AppData\Local\.xmake\packages\r\rttr\0.9.6\3a0b2dfdb03949b28773ccdbbd7dd04f\include\rttr/detail/registration/bind_impl.h(349): note: This diagnostic occurred in the compiler generated function 'std::unique_ptr<rttr::detail::property_wrapper_base,std::default_delete<rttr::detail::property_wrapper_base>> rttr::registration::bind<rttr::detail::prop,Class_Type,A,acc_level>::create_default_property(rttr::string_view,Acc)'
C:\Users\HP\AppData\Local\.xmake\packages\r\rttr\0.9.6\3a0b2dfdb03949b28773ccdbbd7dd04f\include\rttr/detail/registration/bind_impl.h(358): error C2760: syntax error: ')' was unexpected here; expected ';'
C:\Users\HP\AppData\Local\.xmake\packages\r\rttr\0.9.6\3a0b2dfdb03949b28773ccdbbd7dd04f\include\rttr/detail/registration/bind_impl.h(349): note: This diagnostic occurred in the compiler generated function 'std::unique_ptr<rttr::detail::property_wrapper_base,std::default_delete<rttr::detail::property_wrapper_base>> rttr::registration::bind<rttr::detail::prop,Class_Type,A,acc_level>::create_default_property(rttr::string_view,Acc)'
C:\Users\HP\AppData\Local\.xmake\packages\r\rttr\0.9.6\3a0b2dfdb03949b28773ccdbbd7dd04f\include\rttr/detail/registration/bind_impl.h(358): error C3878: syntax error: unexpected token ')' following 'expression_statement'
C:\Users\HP\AppData\Local\.xmake\packages\r\rttr\0.9.6\3a0b2dfdb03949b28773ccdbbd7dd04f\include\rttr/detail/registration/bind_impl.h(349): note: This diagnostic occurred in the compiler generated function 'std::unique_ptr<rttr::detail::property_wrapper_base,std::default_delete<rttr::detail::property_wrapper_base>> rttr::registration::bind<rttr::detail::prop,Class_Type,A,acc_level>::create_default_property(rttr::string_view,Acc)'
C:\Users\HP\AppData\Local\.xmake\packages\r\rttr\0.9.6\3a0b2dfdb03949b28773ccdbbd7dd04f\include\rttr/detail/registration/bind_impl.h(358): note: error recovery skipped: ')'
C:\Users\HP\AppData\Local\.xmake\packages\r\rttr\0.9.6\3a0b2dfdb03949b28773ccdbbd7dd04f\include\rttr/detail/registration/bind_impl.h(349): note: This diagnostic occurred in the compiler generated function 'std::unique_ptr<rttr::detail::property_wrapper_base,std::default_delete<rttr::detail::property_wrapper_base>> rttr::registration::bind<rttr::detail::prop,Class_Type,A,acc_level>::create_default_property(rttr::string_view,Acc)'
C:\Users\HP\AppData\Local\.xmake\packages\r\rttr\0.9.6\3a0b2dfdb03949b28773ccdbbd7dd04f\include\rttr/detail/registration/bind_impl.h(388): error C2760: syntax error: ')' was unexpected here; expected 'expression'
C:\Users\HP\AppData\Local\.xmake\packages\r\rttr\0.9.6\3a0b2dfdb03949b28773ccdbbd7dd04f\include\rttr/detail/registration/bind_impl.h(363): note: This diagnostic occurred in the compiler generated function 'std::unique_ptr<rttr::detail::property_wrapper_base,std::default_delete<rttr::detail::property_wrapper_base>> rttr::registration::bind<rttr::detail::prop,Class_Type,A,acc_level>::create_custom_property(rttr::string_view,Acc,std::array<rttr::detail::metadata,Metadata_Count>,Args &&...)'
C:\Users\HP\AppData\Local\.xmake\packages\r\rttr\0.9.6\3a0b2dfdb03949b28773ccdbbd7dd04f\include\rttr/detail/registration/bind_impl.h(388): error C3878: syntax error: unexpected token ')' following 'simple_declaration'
C:\Users\HP\AppData\Local\.xmake\packages\r\rttr\0.9.6\3a0b2dfdb03949b28773ccdbbd7dd04f\include\rttr/detail/registration/bind_impl.h(363): note: This diagnostic occurred in the compiler generated function 'std::unique_ptr<rttr::detail::property_wrapper_base,std::default_delete<rttr::detail::property_wrapper_base>> rttr::registration::bind<rttr::detail::prop,Class_Type,A,acc_level>::create_custom_property(rttr::string_view,Acc,std::array<rttr::detail::metadata,Metadata_Count>,Args &&...)'
C:\Users\HP\AppData\Local\.xmake\packages\r\rttr\0.9.6\3a0b2dfdb03949b28773ccdbbd7dd04f\include\rttr/detail/registration/bind_impl.h(388): note: error recovery skipped: ') ,'
C:\Users\HP\AppData\Local\.xmake\packages\r\rttr\0.9.6\3a0b2dfdb03949b28773ccdbbd7dd04f\include\rttr/detail/registration/bind_impl.h(363): note: This diagnostic occurred in the compiler generated function 'std::unique_ptr<rttr::detail::property_wrapper_base,std::default_delete<rttr::detail::property_wrapper_base>> rttr::registration::bind<rttr::detail::prop,Class_Type,A,acc_level>::create_custom_property(rttr::string_view,Acc,std::array<rttr::detail::metadata,Metadata_Count>,Args &&...)'
C:\Users\HP\AppData\Local\.xmake\packages\r\rttr\0.9.6\3a0b2dfdb03949b28773ccdbbd7dd04f\include\rttr/detail/registration/bind_impl.h(388): error C2760: syntax error: ')' was unexpected here; expected ';'
C:\Users\HP\AppData\Local\.xmake\packages\r\rttr\0.9.6\3a0b2dfdb03949b28773ccdbbd7dd04f\include\rttr/detail/registration/bind_impl.h(363): note: This diagnostic occurred in the compiler generated function 'std::unique_ptr<rttr::detail::property_wrapper_base,std::default_delete<rttr::detail::property_wrapper_base>> rttr::registration::bind<rttr::detail::prop,Class_Type,A,acc_level>::create_custom_property(rttr::string_view,Acc,std::array<rttr::detail::metadata,Metadata_Count>,Args &&...)'
C:\Users\HP\AppData\Local\.xmake\packages\r\rttr\0.9.6\3a0b2dfdb03949b28773ccdbbd7dd04f\include\rttr/detail/registration/bind_impl.h(388): error C3878: syntax error: unexpected token ')' following 'expression_statement'
C:\Users\HP\AppData\Local\.xmake\packages\r\rttr\0.9.6\3a0b2dfdb03949b28773ccdbbd7dd04f\include\rttr/detail/registration/bind_impl.h(363): note: This diagnostic occurred in the compiler generated function 'std::unique_ptr<rttr::detail::property_wrapper_base,std::default_delete<rttr::detail::property_wrapper_base>> rttr::registration::bind<rttr::detail::prop,Class_Type,A,acc_level>::create_custom_property(rttr::string_view,Acc,std::array<rttr::detail::metadata,Metadata_Count>,Args &&...)'
C:\Users\HP\AppData\Local\.xmake\packages\r\rttr\0.9.6\3a0b2dfdb03949b28773ccdbbd7dd04f\include\rttr/detail/registration/bind_impl.h(388): note: error recovery skipped: ')'
C:\Users\HP\AppData\Local\.xmake\packages\r\rttr\0.9.6\3a0b2dfdb03949b28773ccdbbd7dd04f\include\rttr/detail/registration/bind_impl.h(363): note: This diagnostic occurred in the compiler generated function 'std::unique_ptr<rttr::detail::property_wrapper_base,std::default_delete<rttr::detail::property_wrapper_base>> rttr::registration::bind<rttr::detail::prop,Class_Type,A,acc_level>::create_custom_property(rttr::string_view,Acc,std::array<rttr::detail::metadata,Metadata_Count>,Args &&...)'
C:\Users\HP\AppData\Local\.xmake\packages\r\rttr\0.9.6\3a0b2dfdb03949b28773ccdbbd7dd04f\include\rttr/detail/registration/bind_impl.h(449): error C2760: syntax error: ')' was unexpected here; expected 'expression'
C:\Users\HP\AppData\Local\.xmake\packages\r\rttr\0.9.6\3a0b2dfdb03949b28773ccdbbd7dd04f\include\rttr/detail/registration/bind_impl.h(441): note: This diagnostic occurred in the compiler generated function 'std::unique_ptr<rttr::detail::property_wrapper_base,std::default_delete<rttr::detail::property_wrapper_base>> rttr::registration::bind<rttr::detail::prop,Class_Type,A1,A2,acc_level>::create_default_property(rttr::string_view,Acc1,Acc2)'
C:\Users\HP\AppData\Local\.xmake\packages\r\rttr\0.9.6\3a0b2dfdb03949b28773ccdbbd7dd04f\include\rttr/detail/registration/bind_impl.h(449): note: the template instantiation context (the oldest one first) is
C:\Users\HP\AppData\Local\.xmake\packages\r\rttr\0.9.6\3a0b2dfdb03949b28773ccdbbd7dd04f\include\rttr/detail/registration/bind_impl.h(520): note: see reference to class template instantiation 'rttr::registration::bind<rttr::detail::prop,Class_Type,A1,A2,acc_level>' being compiled
C:\Users\HP\AppData\Local\.xmake\packages\r\rttr\0.9.6\3a0b2dfdb03949b28773ccdbbd7dd04f\include\rttr/detail/registration/bind_impl.h(449): error C2760: syntax error: ')' was unexpected here; expected ';'
C:\Users\HP\AppData\Local\.xmake\packages\r\rttr\0.9.6\3a0b2dfdb03949b28773ccdbbd7dd04f\include\rttr/detail/registration/bind_impl.h(441): note: This diagnostic occurred in the compiler generated function 'std::unique_ptr<rttr::detail::property_wrapper_base,std::default_delete<rttr::detail::property_wrapper_base>> rttr::registration::bind<rttr::detail::prop,Class_Type,A1,A2,acc_level>::create_default_property(rttr::string_view,Acc1,Acc2)'
C:\Users\HP\AppData\Local\.xmake\packages\r\rttr\0.9.6\3a0b2dfdb03949b28773ccdbbd7dd04f\include\rttr/detail/registration/bind_impl.h(449): error C3878: syntax error: unexpected token ')' following 'jump_statement'
C:\Users\HP\AppData\Local\.xmake\packages\r\rttr\0.9.6\3a0b2dfdb03949b28773ccdbbd7dd04f\include\rttr/detail/registration/bind_impl.h(441): note: This diagnostic occurred in the compiler generated function 'std::unique_ptr<rttr::detail::property_wrapper_base,std::default_delete<rttr::detail::property_wrapper_base>> rttr::registration::bind<rttr::detail::prop,Class_Type,A1,A2,acc_level>::create_default_property(rttr::string_view,Acc1,Acc2)'
C:\Users\HP\AppData\Local\.xmake\packages\r\rttr\0.9.6\3a0b2dfdb03949b28773ccdbbd7dd04f\include\rttr/detail/registration/bind_impl.h(449): note: error recovery skipped: ') ,'
C:\Users\HP\AppData\Local\.xmake\packages\r\rttr\0.9.6\3a0b2dfdb03949b28773ccdbbd7dd04f\include\rttr/detail/registration/bind_impl.h(441): note: This diagnostic occurred in the compiler generated function 'std::unique_ptr<rttr::detail::property_wrapper_base,std::default_delete<rttr::detail::property_wrapper_base>> rttr::registration::bind<rttr::detail::prop,Class_Type,A1,A2,acc_level>::create_default_property(rttr::string_view,Acc1,Acc2)'
C:\Users\HP\AppData\Local\.xmake\packages\r\rttr\0.9.6\3a0b2dfdb03949b28773ccdbbd7dd04f\include\rttr/detail/registration/bind_impl.h(450): error C2760: syntax error: ')' was unexpected here; expected ';'
C:\Users\HP\AppData\Local\.xmake\packages\r\rttr\0.9.6\3a0b2dfdb03949b28773ccdbbd7dd04f\include\rttr/detail/registration/bind_impl.h(441): note: This diagnostic occurred in the compiler generated function 'std::unique_ptr<rttr::detail::property_wrapper_base,std::default_delete<rttr::detail::property_wrapper_base>> rttr::registration::bind<rttr::detail::prop,Class_Type,A1,A2,acc_level>::create_default_property(rttr::string_view,Acc1,Acc2)'
C:\Users\HP\AppData\Local\.xmake\packages\r\rttr\0.9.6\3a0b2dfdb03949b28773ccdbbd7dd04f\include\rttr/detail/registration/bind_impl.h(450): error C3878: syntax error: unexpected token ')' following 'expression_statement'
C:\Users\HP\AppData\Local\.xmake\packages\r\rttr\0.9.6\3a0b2dfdb03949b28773ccdbbd7dd04f\include\rttr/detail/registration/bind_impl.h(441): note: This diagnostic occurred in the compiler generated function 'std::unique_ptr<rttr::detail::property_wrapper_base,std::default_delete<rttr::detail::property_wrapper_base>> rttr::registration::bind<rttr::detail::prop,Class_Type,A1,A2,acc_level>::create_default_property(rttr::string_view,Acc1,Acc2)'
C:\Users\HP\AppData\Local\.xmake\packages\r\rttr\0.9.6\3a0b2dfdb03949b28773ccdbbd7dd04f\include\rttr/detail/registration/bind_impl.h(450): note: error recovery skipped: ')'
C:\Users\HP\AppData\Local\.xmake\packages\r\rttr\0.9.6\3a0b2dfdb03949b28773ccdbbd7dd04f\include\rttr/detail/registration/bind_impl.h(441): note: This diagnostic occurred in the compiler generated function 'std::unique_ptr<rttr::detail::property_wrapper_base,std::default_delete<rttr::detail::property_wrapper_base>> rttr::registration::bind<rttr::detail::prop,Class_Type,A1,A2,acc_level>::create_default_property(rttr::string_view,Acc1,Acc2)'
C:\Users\HP\AppData\Local\.xmake\packages\r\rttr\0.9.6\3a0b2dfdb03949b28773ccdbbd7dd04f\include\rttr/detail/registration/bind_impl.h(477): error C2760: syntax error: ')' was unexpected here; expected 'expression'
C:\Users\HP\AppData\Local\.xmake\packages\r\rttr\0.9.6\3a0b2dfdb03949b28773ccdbbd7dd04f\include\rttr/detail/registration/bind_impl.h(455): note: This diagnostic occurred in the compiler generated function 'std::unique_ptr<rttr::detail::property_wrapper_base,std::default_delete<rttr::detail::property_wrapper_base>> rttr::registration::bind<rttr::detail::prop,Class_Type,A1,A2,acc_level>::create_custom_property(rttr::string_view,Acc1,Acc2,std::array<rttr::detail::metadata,Metadata_Count>,Args &&...)'
C:\Users\HP\AppData\Local\.xmake\packages\r\rttr\0.9.6\3a0b2dfdb03949b28773ccdbbd7dd04f\include\rttr/detail/registration/bind_impl.h(477): error C3878: syntax error: unexpected token ')' following 'simple_declaration'
C:\Users\HP\AppData\Local\.xmake\packages\r\rttr\0.9.6\3a0b2dfdb03949b28773ccdbbd7dd04f\include\rttr/detail/registration/bind_impl.h(455): note: This diagnostic occurred in the compiler generated function 'std::unique_ptr<rttr::detail::property_wrapper_base,std::default_delete<rttr::detail::property_wrapper_base>> rttr::registration::bind<rttr::detail::prop,Class_Type,A1,A2,acc_level>::create_custom_property(rttr::string_view,Acc1,Acc2,std::array<rttr::detail::metadata,Metadata_Count>,Args &&...)'
C:\Users\HP\AppData\Local\.xmake\packages\r\rttr\0.9.6\3a0b2dfdb03949b28773ccdbbd7dd04f\include\rttr/detail/registration/bind_impl.h(477): note: error recovery skipped: ') ,'
C:\Users\HP\AppData\Local\.xmake\packages\r\rttr\0.9.6\3a0b2dfdb03949b28773ccdbbd7dd04f\include\rttr/detail/registration/bind_impl.h(455): note: This diagnostic occurred in the compiler generated function 'std::unique_ptr<rttr::detail::property_wrapper_base,std::default_delete<rttr::detail::property_wrapper_base>> rttr::registration::bind<rttr::detail::prop,Class_Type,A1,A2,acc_level>::create_custom_property(rttr::string_view,Acc1,Acc2,std::array<rttr::detail::metadata,Metadata_Count>,Args &&...)'
C:\Users\HP\AppData\Local\.xmake\packages\r\rttr\0.9.6\3a0b2dfdb03949b28773ccdbbd7dd04f\include\rttr/detail/registration/bind_impl.h(478): error C2760: syntax error: ')' was unexpected here; expected ';'
C:\Users\HP\AppData\Local\.xmake\packages\r\rttr\0.9.6\3a0b2dfdb03949b28773ccdbbd7dd04f\include\rttr/detail/registration/bind_impl.h(455): note: This diagnostic occurred in the compiler generated function 'std::unique_ptr<rttr::detail::property_wrapper_base,std::default_delete<rttr::detail::property_wrapper_base>> rttr::registration::bind<rttr::detail::prop,Class_Type,A1,A2,acc_level>::create_custom_property(rttr::string_view,Acc1,Acc2,std::array<rttr::detail::metadata,Metadata_Count>,Args &&...)'
C:\Users\HP\AppData\Local\.xmake\packages\r\rttr\0.9.6\3a0b2dfdb03949b28773ccdbbd7dd04f\include\rttr/detail/registration/bind_impl.h(478): error C3878: syntax error: unexpected token ')' following 'expression_statement'
C:\Users\HP\AppData\Local\.xmake\packages\r\rttr\0.9.6\3a0b2dfdb03949b28773ccdbbd7dd04f\include\rttr/detail/registration/bind_impl.h(455): note: This diagnostic occurred in the compiler generated function 'std::unique_ptr<rttr::detail::property_wrapper_base,std::default_delete<rttr::detail::property_wrapper_base>> rttr::registration::bind<rttr::detail::prop,Class_Type,A1,A2,acc_level>::create_custom_property(rttr::string_view,Acc1,Acc2,std::array<rttr::detail::metadata,Metadata_Count>,Args &&...)'
C:\Users\HP\AppData\Local\.xmake\packages\r\rttr\0.9.6\3a0b2dfdb03949b28773ccdbbd7dd04f\include\rttr/detail/registration/bind_impl.h(478): note: error recovery skipped: ')'
C:\Users\HP\AppData\Local\.xmake\packages\r\rttr\0.9.6\3a0b2dfdb03949b28773ccdbbd7dd04f\include\rttr/detail/registration/bind_impl.h(455): note: This diagnostic occurred in the compiler generated function 'std::unique_ptr<rttr::detail::property_wrapper_base,std::default_delete<rttr::detail::property_wrapper_base>> rttr::registration::bind<rttr::detail::prop,Class_Type,A1,A2,acc_level>::create_custom_property(rttr::string_view,Acc1,Acc2,std::array<rttr::detail::metadata,Metadata_Count>,Args &&...)'
C:\Users\HP\AppData\Local\.xmake\packages\r\rttr\0.9.6\3a0b2dfdb03949b28773ccdbbd7dd04f\include\rttr/detail/registration/bind_impl.h(539): error C2760: syntax error: ')' was unexpected here; expected 'expression'
C:\Users\HP\AppData\Local\.xmake\packages\r\rttr\0.9.6\3a0b2dfdb03949b28773ccdbbd7dd04f\include\rttr/detail/registration/bind_impl.h(533): note: This diagnostic occurred in the compiler generated function 'std::unique_ptr<rttr::detail::property_wrapper_base,std::default_delete<rttr::detail::property_wrapper_base>> rttr::registration::bind<rttr::detail::prop_readonly,Class_Type,A,acc_level>::create_default_property(rttr::string_view,Acc)'
C:\Users\HP\AppData\Local\.xmake\packages\r\rttr\0.9.6\3a0b2dfdb03949b28773ccdbbd7dd04f\include\rttr/detail/registration/bind_impl.h(539): note: the template instantiation context (the oldest one first) is
C:\Users\HP\AppData\Local\.xmake\packages\r\rttr\0.9.6\3a0b2dfdb03949b28773ccdbbd7dd04f\include\rttr/detail/registration/bind_impl.h(607): note: see reference to class template instantiation 'rttr::registration::bind<rttr::detail::prop_readonly,Class_Type,A,acc_level>' being compiled
C:\Users\HP\AppData\Local\.xmake\packages\r\rttr\0.9.6\3a0b2dfdb03949b28773ccdbbd7dd04f\include\rttr/detail/registration/bind_impl.h(539): error C2760: syntax error: ')' was unexpected here; expected ';'
C:\Users\HP\AppData\Local\.xmake\packages\r\rttr\0.9.6\3a0b2dfdb03949b28773ccdbbd7dd04f\include\rttr/detail/registration/bind_impl.h(533): note: This diagnostic occurred in the compiler generated function 'std::unique_ptr<rttr::detail::property_wrapper_base,std::default_delete<rttr::detail::property_wrapper_base>> rttr::registration::bind<rttr::detail::prop_readonly,Class_Type,A,acc_level>::create_default_property(rttr::string_view,Acc)'
C:\Users\HP\AppData\Local\.xmake\packages\r\rttr\0.9.6\3a0b2dfdb03949b28773ccdbbd7dd04f\include\rttr/detail/registration/bind_impl.h(539): error C3878: syntax error: unexpected token ')' following 'jump_statement'
C:\Users\HP\AppData\Local\.xmake\packages\r\rttr\0.9.6\3a0b2dfdb03949b28773ccdbbd7dd04f\include\rttr/detail/registration/bind_impl.h(533): note: This diagnostic occurred in the compiler generated function 'std::unique_ptr<rttr::detail::property_wrapper_base,std::default_delete<rttr::detail::property_wrapper_base>> rttr::registration::bind<rttr::detail::prop_readonly,Class_Type,A,acc_level>::create_default_property(rttr::string_view,Acc)'
C:\Users\HP\AppData\Local\.xmake\packages\r\rttr\0.9.6\3a0b2dfdb03949b28773ccdbbd7dd04f\include\rttr/detail/registration/bind_impl.h(539): note: error recovery skipped: ') ,'
C:\Users\HP\AppData\Local\.xmake\packages\r\rttr\0.9.6\3a0b2dfdb03949b28773ccdbbd7dd04f\include\rttr/detail/registration/bind_impl.h(533): note: This diagnostic occurred in the compiler generated function 'std::unique_ptr<rttr::detail::property_wrapper_base,std::default_delete<rttr::detail::property_wrapper_base>> rttr::registration::bind<rttr::detail::prop_readonly,Class_Type,A,acc_level>::create_default_property(rttr::string_view,Acc)'
C:\Users\HP\AppData\Local\.xmake\packages\r\rttr\0.9.6\3a0b2dfdb03949b28773ccdbbd7dd04f\include\rttr/detail/registration/bind_impl.h(540): error C2760: syntax error: ')' was unexpected here; expected ';'
C:\Users\HP\AppData\Local\.xmake\packages\r\rttr\0.9.6\3a0b2dfdb03949b28773ccdbbd7dd04f\include\rttr/detail/registration/bind_impl.h(533): note: This diagnostic occurred in the compiler generated function 'std::unique_ptr<rttr::detail::property_wrapper_base,std::default_delete<rttr::detail::property_wrapper_base>> rttr::registration::bind<rttr::detail::prop_readonly,Class_Type,A,acc_level>::create_default_property(rttr::string_view,Acc)'
C:\Users\HP\AppData\Local\.xmake\packages\r\rttr\0.9.6\3a0b2dfdb03949b28773ccdbbd7dd04f\include\rttr/detail/registration/bind_impl.h(540): error C3878: syntax error: unexpected token ')' following 'expression_statement'
C:\Users\HP\AppData\Local\.xmake\packages\r\rttr\0.9.6\3a0b2dfdb03949b28773ccdbbd7dd04f\include\rttr/detail/registration/bind_impl.h(533): note: This diagnostic occurred in the compiler generated function 'std::unique_ptr<rttr::detail::property_wrapper_base,std::default_delete<rttr::detail::property_wrapper_base>> rttr::registration::bind<rttr::detail::prop_readonly,Class_Type,A,acc_level>::create_default_property(rttr::string_view,Acc)'
C:\Users\HP\AppData\Local\.xmake\packages\r\rttr\0.9.6\3a0b2dfdb03949b28773ccdbbd7dd04f\include\rttr/detail/registration/bind_impl.h(540): note: error recovery skipped: ')'
C:\Users\HP\AppData\Local\.xmake\packages\r\rttr\0.9.6\3a0b2dfdb03949b28773ccdbbd7dd04f\include\rttr/detail/registration/bind_impl.h(533): note: This diagnostic occurred in the compiler generated function 'std::unique_ptr<rttr::detail::property_wrapper_base,std::default_delete<rttr::detail::property_wrapper_base>> rttr::registration::bind<rttr::detail::prop_readonly,Class_Type,A,acc_level>::create_default_property(rttr::string_view,Acc)'
C:\Users\HP\AppData\Local\.xmake\packages\r\rttr\0.9.6\3a0b2dfdb03949b28773ccdbbd7dd04f\include\rttr/detail/registration/bind_impl.h(566): error C2760: syntax error: ')' was unexpected here; expected 'expression'
C:\Users\HP\AppData\Local\.xmake\packages\r\rttr\0.9.6\3a0b2dfdb03949b28773ccdbbd7dd04f\include\rttr/detail/registration/bind_impl.h(545): note: This diagnostic occurred in the compiler generated function 'std::unique_ptr<rttr::detail::property_wrapper_base,std::default_delete<rttr::detail::property_wrapper_base>> rttr::registration::bind<rttr::detail::prop_readonly,Class_Type,A,acc_level>::create_custom_property(rttr::string_view,Acc,std::array<rttr::detail::metadata,Metadata_Count>,Args &&...)'
C:\Users\HP\AppData\Local\.xmake\packages\r\rttr\0.9.6\3a0b2dfdb03949b28773ccdbbd7dd04f\include\rttr/detail/registration/bind_impl.h(566): error C3878: syntax error: unexpected token ')' following 'simple_declaration'
C:\Users\HP\AppData\Local\.xmake\packages\r\rttr\0.9.6\3a0b2dfdb03949b28773ccdbbd7dd04f\include\rttr/detail/registration/bind_impl.h(545): note: This diagnostic occurred in the compiler generated function 'std::unique_ptr<rttr::detail::property_wrapper_base,std::default_delete<rttr::detail::property_wrapper_base>> rttr::registration::bind<rttr::detail::prop_readonly,Class_Type,A,acc_level>::create_custom_property(rttr::string_view,Acc,std::array<rttr::detail::metadata,Metadata_Count>,Args &&...)'
C:\Users\HP\AppData\Local\.xmake\packages\r\rttr\0.9.6\3a0b2dfdb03949b28773ccdbbd7dd04f\include\rttr/detail/registration/bind_impl.h(566): note: error recovery skipped: ') ,'
C:\Users\HP\AppData\Local\.xmake\packages\r\rttr\0.9.6\3a0b2dfdb03949b28773ccdbbd7dd04f\include\rttr/detail/registration/bind_impl.h(545): note: This diagnostic occurred in the compiler generated function 'std::unique_ptr<rttr::detail::property_wrapper_base,std::default_delete<rttr::detail::property_wrapper_base>> rttr::registration::bind<rttr::detail::prop_readonly,Class_Type,A,acc_level>::create_custom_property(rttr::string_view,Acc,std::array<rttr::detail::metadata,Metadata_Count>,Args &&...)'
C:\Users\HP\AppData\Local\.xmake\packages\r\rttr\0.9.6\3a0b2dfdb03949b28773ccdbbd7dd04f\include\rttr/detail/registration/bind_impl.h(567): error C2760: syntax error: ')' was unexpected here; expected ';'
C:\Users\HP\AppData\Local\.xmake\packages\r\rttr\0.9.6\3a0b2dfdb03949b28773ccdbbd7dd04f\include\rttr/detail/registration/bind_impl.h(545): note: This diagnostic occurred in the compiler generated function 'std::unique_ptr<rttr::detail::property_wrapper_base,std::default_delete<rttr::detail::property_wrapper_base>> rttr::registration::bind<rttr::detail::prop_readonly,Class_Type,A,acc_level>::create_custom_property(rttr::string_view,Acc,std::array<rttr::detail::metadata,Metadata_Count>,Args &&...)'
C:\Users\HP\AppData\Local\.xmake\packages\r\rttr\0.9.6\3a0b2dfdb03949b28773ccdbbd7dd04f\include\rttr/detail/registration/bind_impl.h(567): error C3878: syntax error: unexpected token ')' following 'expression_statement'
C:\Users\HP\AppData\Local\.xmake\packages\r\rttr\0.9.6\3a0b2dfdb03949b28773ccdbbd7dd04f\include\rttr/detail/registration/bind_impl.h(545): note: This diagnostic occurred in the compiler generated function 'std::unique_ptr<rttr::detail::property_wrapper_base,std::default_delete<rttr::detail::property_wrapper_base>> rttr::registration::bind<rttr::detail::prop_readonly,Class_Type,A,acc_level>::create_custom_property(rttr::string_view,Acc,std::array<rttr::detail::metadata,Metadata_Count>,Args &&...)'
C:\Users\HP\AppData\Local\.xmake\packages\r\rttr\0.9.6\3a0b2dfdb03949b28773ccdbbd7dd04f\include\rttr/detail/registration/bind_impl.h(567): note: error recovery skipped: ')'
C:\Users\HP\AppData\Local\.xmake\packages\r\rttr\0.9.6\3a0b2dfdb03949b28773ccdbbd7dd04f\include\rttr/detail/registration/bind_impl.h(545): note: This diagnostic occurred in the compiler generated function 'std::unique_ptr<rttr::detail::property_wrapper_base,std::default_delete<rttr::detail::property_wrapper_base>> rttr::registration::bind<rttr::detail::prop_readonly,Class_Type,A,acc_level>::create_custom_property(rttr::string_view,Acc,std::array<rttr::detail::metadata,Metadata_Count>,Args &&...)'
C:\Users\HP\AppData\Local\.xmake\packages\r\rttr\0.9.6\3a0b2dfdb03949b28773ccdbbd7dd04f\include\rttr/detail/registration/bind_impl.h(625): error C2760: syntax error: ')' was unexpected here; expected 'expression'
C:\Users\HP\AppData\Local\.xmake\packages\r\rttr\0.9.6\3a0b2dfdb03949b28773ccdbbd7dd04f\include\rttr/detail/registration/bind_impl.h(616): note: This diagnostic occurred in the compiler generated function 'std::unique_ptr<rttr::detail::method_wrapper_base,std::default_delete<rttr::detail::method_wrapper_base>> rttr::registration::bind<rttr::detail::meth,Class_Type,F,acc_level>::create_default_method(rttr::string_view,Acc_Func)'
C:\Users\HP\AppData\Local\.xmake\packages\r\rttr\0.9.6\3a0b2dfdb03949b28773ccdbbd7dd04f\include\rttr/detail/registration/bind_impl.h(625): note: the template instantiation context (the oldest one first) is
C:\Users\HP\AppData\Local\.xmake\packages\r\rttr\0.9.6\3a0b2dfdb03949b28773ccdbbd7dd04f\include\rttr/detail/registration/bind_impl.h(740): note: see reference to class template instantiation 'rttr::registration::bind<rttr::detail::meth,Class_Type,F,acc_level>' being compiled
C:\Users\HP\AppData\Local\.xmake\packages\r\rttr\0.9.6\3a0b2dfdb03949b28773ccdbbd7dd04f\include\rttr/detail/registration/bind_impl.h(625): error C2760: syntax error: ')' was unexpected here; expected ';'
C:\Users\HP\AppData\Local\.xmake\packages\r\rttr\0.9.6\3a0b2dfdb03949b28773ccdbbd7dd04f\include\rttr/detail/registration/bind_impl.h(616): note: This diagnostic occurred in the compiler generated function 'std::unique_ptr<rttr::detail::method_wrapper_base,std::default_delete<rttr::detail::method_wrapper_base>> rttr::registration::bind<rttr::detail::meth,Class_Type,F,acc_level>::create_default_method(rttr::string_view,Acc_Func)'
C:\Users\HP\AppData\Local\.xmake\packages\r\rttr\0.9.6\3a0b2dfdb03949b28773ccdbbd7dd04f\include\rttr/detail/registration/bind_impl.h(625): error C3878: syntax error: unexpected token ')' following 'jump_statement'
C:\Users\HP\AppData\Local\.xmake\packages\r\rttr\0.9.6\3a0b2dfdb03949b28773ccdbbd7dd04f\include\rttr/detail/registration/bind_impl.h(616): note: This diagnostic occurred in the compiler generated function 'std::unique_ptr<rttr::detail::method_wrapper_base,std::default_delete<rttr::detail::method_wrapper_base>> rttr::registration::bind<rttr::detail::meth,Class_Type,F,acc_level>::create_default_method(rttr::string_view,Acc_Func)'
C:\Users\HP\AppData\Local\.xmake\packages\r\rttr\0.9.6\3a0b2dfdb03949b28773ccdbbd7dd04f\include\rttr/detail/registration/bind_impl.h(625): note: error recovery skipped: ') ,'
C:\Users\HP\AppData\Local\.xmake\packages\r\rttr\0.9.6\3a0b2dfdb03949b28773ccdbbd7dd04f\include\rttr/detail/registration/bind_impl.h(616): note: This diagnostic occurred in the compiler generated function 'std::unique_ptr<rttr::detail::method_wrapper_base,std::default_delete<rttr::detail::method_wrapper_base>> rttr::registration::bind<rttr::detail::meth,Class_Type,F,acc_level>::create_default_method(rttr::string_view,Acc_Func)'
C:\Users\HP\AppData\Local\.xmake\packages\r\rttr\0.9.6\3a0b2dfdb03949b28773ccdbbd7dd04f\include\rttr/detail/registration/bind_impl.h(625): error C2760: syntax error: ')' was unexpected here; expected ';'
C:\Users\HP\AppData\Local\.xmake\packages\r\rttr\0.9.6\3a0b2dfdb03949b28773ccdbbd7dd04f\include\rttr/detail/registration/bind_impl.h(616): note: This diagnostic occurred in the compiler generated function 'std::unique_ptr<rttr::detail::method_wrapper_base,std::default_delete<rttr::detail::method_wrapper_base>> rttr::registration::bind<rttr::detail::meth,Class_Type,F,acc_level>::create_default_method(rttr::string_view,Acc_Func)'
C:\Users\HP\AppData\Local\.xmake\packages\r\rttr\0.9.6\3a0b2dfdb03949b28773ccdbbd7dd04f\include\rttr/detail/registration/bind_impl.h(625): error C3878: syntax error: unexpected token ')' following 'expression_statement'
C:\Users\HP\AppData\Local\.xmake\packages\r\rttr\0.9.6\3a0b2dfdb03949b28773ccdbbd7dd04f\include\rttr/detail/registration/bind_impl.h(616): note: This diagnostic occurred in the compiler generated function 'std::unique_ptr<rttr::detail::method_wrapper_base,std::default_delete<rttr::detail::method_wrapper_base>> rttr::registration::bind<rttr::detail::meth,Class_Type,F,acc_level>::create_default_method(rttr::string_view,Acc_Func)'
C:\Users\HP\AppData\Local\.xmake\packages\r\rttr\0.9.6\3a0b2dfdb03949b28773ccdbbd7dd04f\include\rttr/detail/registration/bind_impl.h(625): note: error recovery skipped: ')'
C:\Users\HP\AppData\Local\.xmake\packages\r\rttr\0.9.6\3a0b2dfdb03949b28773ccdbbd7dd04f\include\rttr/detail/registration/bind_impl.h(616): note: This diagnostic occurred in the compiler generated function 'std::unique_ptr<rttr::detail::method_wrapper_base,std::default_delete<rttr::detail::method_wrapper_base>> rttr::registration::bind<rttr::detail::meth,Class_Type,F,acc_level>::create_default_method(rttr::string_view,Acc_Func)'
C:\Users\HP\AppData\Local\.xmake\packages\r\rttr\0.9.6\3a0b2dfdb03949b28773ccdbbd7dd04f\include\rttr/detail/registration/bind_impl.h(678): error C2760: syntax error: ')' was unexpected here; expected 'expression'
C:\Users\HP\AppData\Local\.xmake\packages\r\rttr\0.9.6\3a0b2dfdb03949b28773ccdbbd7dd04f\include\rttr/detail/registration/bind_impl.h(667): note: This diagnostic occurred in the compiler generated function 'std::unique_ptr<rttr::detail::method_wrapper_base,std::default_delete<rttr::detail::method_wrapper_base>> rttr::registration::bind<rttr::detail::meth,Class_Type,F,acc_level>::create_method_wrapper(rttr::string_view,F,std::array<rttr::detail::metadata,Metadata_Count>,rttr::detail::default_args<TArgs...>,rttr::detail::parameter_infos<Param_Args...>)'
C:\Users\HP\AppData\Local\.xmake\packages\r\rttr\0.9.6\3a0b2dfdb03949b28773ccdbbd7dd04f\include\rttr/detail/registration/bind_impl.h(678): error C2760: syntax error: ')' was unexpected here; expected ';'
C:\Users\HP\AppData\Local\.xmake\packages\r\rttr\0.9.6\3a0b2dfdb03949b28773ccdbbd7dd04f\include\rttr/detail/registration/bind_impl.h(667): note: This diagnostic occurred in the compiler generated function 'std::unique_ptr<rttr::detail::method_wrapper_base,std::default_delete<rttr::detail::method_wrapper_base>> rttr::registration::bind<rttr::detail::meth,Class_Type,F,acc_level>::create_method_wrapper(rttr::string_view,F,std::array<rttr::detail::metadata,Metadata_Count>,rttr::detail::default_args<TArgs...>,rttr::detail::parameter_infos<Param_Args...>)'
C:\Users\HP\AppData\Local\.xmake\packages\r\rttr\0.9.6\3a0b2dfdb03949b28773ccdbbd7dd04f\include\rttr/detail/registration/bind_impl.h(678): error C3878: syntax error: unexpected token ')' following 'jump_statement'
C:\Users\HP\AppData\Local\.xmake\packages\r\rttr\0.9.6\3a0b2dfdb03949b28773ccdbbd7dd04f\include\rttr/detail/registration/bind_impl.h(667): note: This diagnostic occurred in the compiler generated function 'std::unique_ptr<rttr::detail::method_wrapper_base,std::default_delete<rttr::detail::method_wrapper_base>> rttr::registration::bind<rttr::detail::meth,Class_Type,F,acc_level>::create_method_wrapper(rttr::string_view,F,std::array<rttr::detail::metadata,Metadata_Count>,rttr::detail::default_args<TArgs...>,rttr::detail::parameter_infos<Param_Args...>)'
C:\Users\HP\AppData\Local\.xmake\packages\r\rttr\0.9.6\3a0b2dfdb03949b28773ccdbbd7dd04f\include\rttr/detail/registration/bind_impl.h(678): note: error recovery skipped: ') ,'
C:\Users\HP\AppData\Local\.xmake\packages\r\rttr\0.9.6\3a0b2dfdb03949b28773ccdbbd7dd04f\include\rttr/detail/registration/bind_impl.h(667): note: This diagnostic occurred in the compiler generated function 'std::unique_ptr<rttr::detail::method_wrapper_base,std::default_delete<rttr::detail::method_wrapper_base>> rttr::registration::bind<rttr::detail::meth,Class_Type,F,acc_level>::create_method_wrapper(rttr::string_view,F,std::array<rttr::detail::metadata,Metadata_Count>,rttr::detail::default_args<TArgs...>,rttr::detail::parameter_infos<Param_Args...>)'
C:\Users\HP\AppData\Local\.xmake\packages\r\rttr\0.9.6\3a0b2dfdb03949b28773ccdbbd7dd04f\include\rttr/detail/registration/bind_impl.h(682): error C2760: syntax error: ')' was unexpected here; expected ';'
C:\Users\HP\AppData\Local\.xmake\packages\r\rttr\0.9.6\3a0b2dfdb03949b28773ccdbbd7dd04f\include\rttr/detail/registration/bind_impl.h(667): note: This diagnostic occurred in the compiler generated function 'std::unique_ptr<rttr::detail::method_wrapper_base,std::default_delete<rttr::detail::method_wrapper_base>> rttr::registration::bind<rttr::detail::meth,Class_Type,F,acc_level>::create_method_wrapper(rttr::string_view,F,std::array<rttr::detail::metadata,Metadata_Count>,rttr::detail::default_args<TArgs...>,rttr::detail::parameter_infos<Param_Args...>)'
C:\Users\HP\AppData\Local\.xmake\packages\r\rttr\0.9.6\3a0b2dfdb03949b28773ccdbbd7dd04f\include\rttr/detail/registration/bind_impl.h(682): error C3878: syntax error: unexpected token ')' following 'expression_statement'
C:\Users\HP\AppData\Local\.xmake\packages\r\rttr\0.9.6\3a0b2dfdb03949b28773ccdbbd7dd04f\include\rttr/detail/registration/bind_impl.h(667): note: This diagnostic occurred in the compiler generated function 'std::unique_ptr<rttr::detail::method_wrapper_base,std::default_delete<rttr::detail::method_wrapper_base>> rttr::registration::bind<rttr::detail::meth,Class_Type,F,acc_level>::create_method_wrapper(rttr::string_view,F,std::array<rttr::detail::metadata,Metadata_Count>,rttr::detail::default_args<TArgs...>,rttr::detail::parameter_infos<Param_Args...>)'
C:\Users\HP\AppData\Local\.xmake\packages\r\rttr\0.9.6\3a0b2dfdb03949b28773ccdbbd7dd04f\include\rttr/detail/registration/bind_impl.h(682): note: error recovery skipped: ')'
C:\Users\HP\AppData\Local\.xmake\packages\r\rttr\0.9.6\3a0b2dfdb03949b28773ccdbbd7dd04f\include\rttr/detail/registration/bind_impl.h(667): note: This diagnostic occurred in the compiler generated function 'std::unique_ptr<rttr::detail::method_wrapper_base,std::default_delete<rttr::detail::method_wrapper_base>> rttr::registration::bind<rttr::detail::meth,Class_Type,F,acc_level>::create_method_wrapper(rttr::string_view,F,std::array<rttr::detail::metadata,Metadata_Count>,rttr::detail::default_args<TArgs...>,rttr::detail::parameter_infos<Param_Args...>)'
C:\Users\HP\AppData\Local\.xmake\packages\r\rttr\0.9.6\3a0b2dfdb03949b28773ccdbbd7dd04f\include\rttr/detail/registration/bind_impl.h(698): error C2760: syntax error: ')' was unexpected here; expected 'expression'
C:\Users\HP\AppData\Local\.xmake\packages\r\rttr\0.9.6\3a0b2dfdb03949b28773ccdbbd7dd04f\include\rttr/detail/registration/bind_impl.h(687): note: This diagnostic occurred in the compiler generated function 'std::unique_ptr<rttr::detail::method_wrapper_base,std::default_delete<rttr::detail::method_wrapper_base>> rttr::registration::bind<rttr::detail::meth,Class_Type,F,acc_level>::create_method_wrapper(rttr::string_view,F,std::array<rttr::detail::metadata,Metadata_Count>,rttr::detail::default_args<>,rttr::detail::parameter_infos<Param_Args...>)'
C:\Users\HP\AppData\Local\.xmake\packages\r\rttr\0.9.6\3a0b2dfdb03949b28773ccdbbd7dd04f\include\rttr/detail/registration/bind_impl.h(698): error C2760: syntax error: ')' was unexpected here; expected ';'
C:\Users\HP\AppData\Local\.xmake\packages\r\rttr\0.9.6\3a0b2dfdb03949b28773ccdbbd7dd04f\include\rttr/detail/registration/bind_impl.h(687): note: This diagnostic occurred in the compiler generated function 'std::unique_ptr<rttr::detail::method_wrapper_base,std::default_delete<rttr::detail::method_wrapper_base>> rttr::registration::bind<rttr::detail::meth,Class_Type,F,acc_level>::create_method_wrapper(rttr::string_view,F,std::array<rttr::detail::metadata,Metadata_Count>,rttr::detail::default_args<>,rttr::detail::parameter_infos<Param_Args...>)'
C:\Users\HP\AppData\Local\.xmake\packages\r\rttr\0.9.6\3a0b2dfdb03949b28773ccdbbd7dd04f\include\rttr/detail/registration/bind_impl.h(698): error C3878: syntax error: unexpected token ')' following 'jump_statement'
C:\Users\HP\AppData\Local\.xmake\packages\r\rttr\0.9.6\3a0b2dfdb03949b28773ccdbbd7dd04f\include\rttr/detail/registration/bind_impl.h(687): note: This diagnostic occurred in the compiler generated function 'std::unique_ptr<rttr::detail::method_wrapper_base,std::default_delete<rttr::detail::method_wrapper_base>> rttr::registration::bind<rttr::detail::meth,Class_Type,F,acc_level>::create_method_wrapper(rttr::string_view,F,std::array<rttr::detail::metadata,Metadata_Count>,rttr::detail::default_args<>,rttr::detail::parameter_infos<Param_Args...>)'
C:\Users\HP\AppData\Local\.xmake\packages\r\rttr\0.9.6\3a0b2dfdb03949b28773ccdbbd7dd04f\include\rttr/detail/registration/bind_impl.h(698): note: error recovery skipped: ') ,'
C:\Users\HP\AppData\Local\.xmake\packages\r\rttr\0.9.6\3a0b2dfdb03949b28773ccdbbd7dd04f\include\rttr/detail/registration/bind_impl.h(687): note: This diagnostic occurred in the compiler generated function 'std::unique_ptr<rttr::detail::method_wrapper_base,std::default_delete<rttr::detail::method_wrapper_base>> rttr::registration::bind<rttr::detail::meth,Class_Type,F,acc_level>::create_method_wrapper(rttr::string_view,F,std::array<rttr::detail::metadata,Metadata_Count>,rttr::detail::default_args<>,rttr::detail::parameter_infos<Param_Args...>)'
C:\Users\HP\AppData\Local\.xmake\packages\r\rttr\0.9.6\3a0b2dfdb03949b28773ccdbbd7dd04f\include\rttr/detail/registration/bind_impl.h(701): error C2760: syntax error: ')' was unexpected here; expected ';'
C:\Users\HP\AppData\Local\.xmake\packages\r\rttr\0.9.6\3a0b2dfdb03949b28773ccdbbd7dd04f\include\rttr/detail/registration/bind_impl.h(687): note: This diagnostic occurred in the compiler generated function 'std::unique_ptr<rttr::detail::method_wrapper_base,std::default_delete<rttr::detail::method_wrapper_base>> rttr::registration::bind<rttr::detail::meth,Class_Type,F,acc_level>::create_method_wrapper(rttr::string_view,F,std::array<rttr::detail::metadata,Metadata_Count>,rttr::detail::default_args<>,rttr::detail::parameter_infos<Param_Args...>)'
C:\Users\HP\AppData\Local\.xmake\packages\r\rttr\0.9.6\3a0b2dfdb03949b28773ccdbbd7dd04f\include\rttr/detail/registration/bind_impl.h(701): error C3878: syntax error: unexpected token ')' following 'expression_statement'
C:\Users\HP\AppData\Local\.xmake\packages\r\rttr\0.9.6\3a0b2dfdb03949b28773ccdbbd7dd04f\include\rttr/detail/registration/bind_impl.h(687): note: This diagnostic occurred in the compiler generated function 'std::unique_ptr<rttr::detail::method_wrapper_base,std::default_delete<rttr::detail::method_wrapper_base>> rttr::registration::bind<rttr::detail::meth,Class_Type,F,acc_level>::create_method_wrapper(rttr::string_view,F,std::array<rttr::detail::metadata,Metadata_Count>,rttr::detail::default_args<>,rttr::detail::parameter_infos<Param_Args...>)'
C:\Users\HP\AppData\Local\.xmake\packages\r\rttr\0.9.6\3a0b2dfdb03949b28773ccdbbd7dd04f\include\rttr/detail/registration/bind_impl.h(701): note: error recovery skipped: ')'
C:\Users\HP\AppData\Local\.xmake\packages\r\rttr\0.9.6\3a0b2dfdb03949b28773ccdbbd7dd04f\include\rttr/detail/registration/bind_impl.h(687): note: This diagnostic occurred in the compiler generated function 'std::unique_ptr<rttr::detail::method_wrapper_base,std::default_delete<rttr::detail::method_wrapper_base>> rttr::registration::bind<rttr::detail::meth,Class_Type,F,acc_level>::create_method_wrapper(rttr::string_view,F,std::array<rttr::detail::metadata,Metadata_Count>,rttr::detail::default_args<>,rttr::detail::parameter_infos<Param_Args...>)'
C:\Users\HP\AppData\Local\.xmake\packages\r\rttr\0.9.6\3a0b2dfdb03949b28773ccdbbd7dd04f\include\rttr/detail/registration/bind_impl.h(778): error C2760: syntax error: ')' was unexpected here; expected 'expression'
C:\Users\HP\AppData\Local\.xmake\packages\r\rttr\0.9.6\3a0b2dfdb03949b28773ccdbbd7dd04f\include\rttr/detail/registration/bind_impl.h(778): note: the template instantiation context (the oldest one first) is
C:\Users\HP\AppData\Local\.xmake\packages\r\rttr\0.9.6\3a0b2dfdb03949b28773ccdbbd7dd04f\include\rttr/detail/registration/bind_impl.h(815): note: see reference to class template instantiation 'rttr::registration::bind<rttr::detail::enum_,Class_Type,Enum_Type>' being compiled

  > in src\main.cpp
